Mono path[0] = 'S:/SteamLibrary/steamapps/common/Rise of Industry 2/ROI2_Data/Managed'
Mono config path = 'S:/SteamLibrary/steamapps/common/Rise of Industry 2/MonoBleedingEdge/etc'
Fallback handler could not load library S:/SteamLibrary/steamapps/common/Rise of Industry 2/ROI2_Data/MonoBleedingEdge/data-0000016A645F1A60.dll
Fallback handler could not load library S:/SteamLibrary/steamapps/common/Rise of Industry 2/ROI2_Data/MonoBleedingEdge/data-0000016A699C8040.dll
[PhysX] Initialized MultithreadedTaskDispatcher with 4 workers.
Initialize engine version: 2022.3.52f1 (1120fcb54228)
[Subsystems] Discovering subsystems at path S:/SteamLibrary/steamapps/common/Rise of Industry 2/ROI2_Data/UnitySubsystems
GfxDevice: creating device client; threaded=1; jobified=0
Direct3D:
    Version:  Direct3D 11.0 [level 11.1]
    Renderer: NVIDIA GeForce GTX 1060 3GB (ID=0x1c02)
    Vendor:   NVIDIA
    VRAM:     2965 MB
    Driver:   32.0.15.6094
Begin MonoManager ReloadAssembly
- Loaded All Assemblies, in  0.457 seconds
- Finished resetting the current domain, in  0.002 seconds
[Message:   BepInEx] BepInEx 5.4.21.0 - ROI2 (2025/11/7 上午 01:30:09)
[Info   :   BepInEx] Running under Unity v2022.3.52.1122556
[Info   :   BepInEx] CLR runtime version: 4.0.30319.42000
[Info   :   BepInEx] Supports SRE: True
[Info   :   BepInEx] System platform: Bits64, Windows
[Message:   BepInEx] Preloader started
[Info   :   BepInEx] Loaded 1 patcher method from [BepInEx.Preloader 5.4.21.0]
[Info   :   BepInEx] 1 patcher plugin loaded
[Info   :   BepInEx] Patching [UnityEngine.CoreModule] with [BepInEx.Chainloader]
[Message:   BepInEx] Preloader finished
[Message:   BepInEx] Chainloader ready
[Message:   BepInEx] Chainloader started
[Info   :   BepInEx] 2 plugins to load
[Info   :   BepInEx] Loading [XUnity Auto Translator 5.4.0]
OnLevelWasLoaded was found on AutoTranslationPlugin
This message has been deprecated and will be removed in a later version of Unity.
Add a delegate to SceneManager.sceneLoaded instead to get notifications after scene loading has completed
[Debug  :XUnity.AutoTranslator] Screen resolution determine to be: 304x201
[Info   :XUnity.AutoTranslator] Version of TextMesh Pro: 1.4.0.
[Debug  :XUnity.AutoTranslator] Hooked UnityEngine.UI.Text.set_text through Harmony hooks.
[Debug  :XUnity.AutoTranslator] Hooked UnityEngine.UI.Text.OnEnable through Harmony hooks.
[Debug  :XUnity.AutoTranslator] Hooked TMPro.TextMeshProUGUI.OnEnable through Harmony hooks.
[Debug  :XUnity.AutoTranslator] Hooked TMPro.TextMeshPro.OnEnable through Harmony hooks.
[Debug  :XUnity.AutoTranslator] Hooked TMPro.TMP_Text.set_text through Harmony hooks.
[Debug  :XUnity.AutoTranslator] Hooked TMPro.TMP_Text.SetText through Harmony hooks.
[Debug  :XUnity.AutoTranslator] Hooked TMPro.TMP_Text.SetText through Harmony hooks.
[Debug  :XUnity.AutoTranslator] Hooked TMPro.TMP_Text.SetText through Harmony hooks.
[Debug  :XUnity.AutoTranslator] Hooked TMPro.TMP_Text.SetCharArray through Harmony hooks.
[Debug  :XUnity.AutoTranslator] Hooked TMPro.TMP_Text.SetCharArray through Harmony hooks.
[Warning:  HarmonyX] AccessTools.Method: Could not find method for type TMPro.TMP_Text and name SetCharArray and parameters (int[], int, int)
[Warning:XUnity.AutoTranslator] Could not hook 'TMP_Text_SetCharArray_Hook3'. Likely due differences between different versions of the engine or text framework.
[Error  :XUnity.AutoTranslator] Error occurred during the initialization of the selected translate endpoint.
XUnity.AutoTranslator.Plugin.Core.Endpoints.EndpointInitializationException: The destination language 'zh-hant' is not supported.
  at DeepLTranslate.DeepLTranslateLegitimate.Initialize (XUnity.AutoTranslator.Plugin.Core.Endpoints.IInitializationContext context) [0x0006c] in <72d233238f834bfeab42e34bb9741720>:0 
  at XUnity.AutoTranslator.Plugin.Core.TranslationManager.AddEndpoint (XUnity.AutoTranslator.Plugin.Core.Web.HttpSecurity httpSecurity, System.Type type) [0x0003d] in <e3c0bad3c8d74d1c9d523565b4b2ee3d>:0 
[Debug  :XUnity.AutoTranslator] Disabling certificate checks for endpoints because of configuration.
[Debug  :XUnity.AutoTranslator] Probing whether OnLevelWasLoaded or SceneManager is supported in this version of Unity. Any warnings related to OnLevelWasLoaded coming from Unity can safely be ignored.
[Debug  :XUnity.AutoTranslator] SceneManager is supported in this version of Unity.
[Info   :XUnity.AutoTranslator] Attempting to load TextMesh Pro font from asset bundle.
[Info   :XUnity.AutoTranslator] Loaded TextMesh Pro font uses version: 1.1.0
[Warning:XUnity.AutoTranslator] TextMesh Pro version mismatch. Font asset version: 1.1.0, TextMesh Pro version: 1.4.0
[Info   :XUnity.AutoTranslator] Loaded fallback font for TextMesh Pro: arialuni_sdf_u2019
[Debug  :XUnity.AutoTranslator] Loaded resize command text files.
[Debug  :XUnity.AutoTranslator] --- Loading Global Translations ---
[Debug  :XUnity.AutoTranslator] Loaded translation text files (took 0.01 seconds)
[Debug  :XUnity.AutoTranslator] Created variation translations (took 0 seconds)
[Debug  :XUnity.AutoTranslator] Created token translations (took 0 seconds)
[Info   :XUnity.AutoTranslator] Loaded XUnity.AutoTranslator into Unity [2022.3.52f1] game.
[Info   :   BepInEx] Loading [XUnity Resource Redirector 2.1.0]
[Message:   BepInEx] Chainloader startup complete
<RI> Initializing input.
New input system (experimental) initialized
Using Windows.Gaming.Input
<RI> Input initialized.
<RI> Initialized touch support.
[PhysX] Initialized MultithreadedTaskDispatcher with 4 workers.
UnloadTime: 0.789400 ms
InControl (version 1.8.8 build 9375)
STARTING GAME
BUILD 1.0.8  - PLATFORM  DesktopPlatform
Attached native device with handle 1:
Name: OrayVHID
Driver Type: DirectInput
Location ID: \\?\hid#hidclass&col05#1&2d595ca7&0&0004#{4d1e55b2-f16f-11cf-88cb-001111000030}
Serial Number: 123456789
Vendor ID: 0xff
Product ID: 0x6f72
Version Number: 0x0
Buttons: 16
Analogs: 8
[Info   :XUnity.AutoTranslator] Skipping plugin scan because no plugin-specific translations has been registered.
PLATFORM LAUNCH INTENT: Default
Applying settings: 1920x1080, 60.0Hz, 100%, v=0, fs=True, q=3, maxfps=Max30
Saving prefs to path C:\Users\john lee\AppData\LocalLow\SomaSim\Rise of Industry 2\prefs\settings.txt
Save settings.txt success!
Saving prefs to path C:\Users\john lee\AppData\LocalLow\SomaSim\Rise of Industry 2\prefs\gameplay.txt
Save gameplay.txt success!
Steam initialized for Birmingham Night Skyline
Found entities: 957 entries
Found models: 0
Found maps: anaheim,boulder,burlington,chandler,cleveland,louisville,midland,milwaukee,peoria,portland,rochester,santa-rosa,spring-hill,st-louis,testcity,testcity,topeka,traverse,tutorial-island,vaporville,vaporville-test
Found ui
Graphics model: Direct3D11, shader model 50, 2965 vram; 
Compute shaders: True, max compute 32, work group size 1024 / x 1024 / y 1024 / z 64; 
Device: Direct3D 11.0 [level 11.1]; 7170 NVIDIA GeForce GTX 1060 3GB; 4318 NVIDIA; 
Screen size: 1920 x 1080, 96 dpi, 1 % ui scale, fullscreen = True
Installed dlcs: 
Unexpected timestamp values detected. This can occur in H.264 videos not encoded with the baseline profile. Timestamps will be skewed to correct the playback for S:/SteamLibrary/steamapps/common/Rise of Industry 2/ROI2_Data/StreamingAssets//Clips/Intro Video.mp4
Memory Statistics:
[ALLOC_TEMP_TLS] TLS Allocator
  StackAllocators : 
    [ALLOC_TEMP_MAIN]
      Peak usage frame count: [4.0 KB-8.0 KB]: 793 frames, [8.0 KB-16.0 KB]: 3986 frames, [16.0 KB-32.0 KB]: 104 frames, [32.0 KB-64.0 KB]: 1 frames, [64.0 KB-128.0 KB]: 10 frames, [128.0 KB-256.0 KB]: 4 frames, [4.0 MB-8.0 MB]: 1 frames
      Initial Block Size 4.0 MB
      Current Block Size 5.1 MB
      Peak Allocated Bytes 4.6 MB
      Overflow Count 0
    [ALLOC_TEMP_Loading.AsyncRead]
      Initial Block Size 64.0 KB
      Current Block Size 64.0 KB
      Peak Allocated Bytes 279 B
      Overflow Count 0
    [ALLOC_TEMP_Loading.PreloadManager]
      Initial Block Size 256.0 KB
      Current Block Size 0.5 MB
      Peak Allocated Bytes 510.8 KB
      Overflow Count 144
    [ALLOC_TEMP_Background Job.Worker 8]
      Initial Block Size 32.0 KB
      Current Block Size 32.0 KB
      Peak Allocated Bytes 54 B
      Overflow Count 0
    [ALLOC_TEMP_Background Job.Worker 9]
      Initial Block Size 32.0 KB
      Current Block Size 32.0 KB
      Peak Allocated Bytes 54 B
      Overflow Count 0
    [ALLOC_TEMP_Job.Worker 0]
      Initial Block Size 256.0 KB
      Current Block Size 256.0 KB
      Peak Allocated Bytes 5.1 KB
      Overflow Count 0
    [ALLOC_TEMP_Background Job.Worker 10]
      Initial Block Size 32.0 KB
      Current Block Size 32.0 KB
      Peak Allocated Bytes 54 B
      Overflow Count 0
    [ALLOC_TEMP_Background Job.Worker 14]
      Initial Block Size 32.0 KB
      Current Block Size 32.0 KB
      Peak Allocated Bytes 54 B
      Overflow Count 0
    [ALLOC_TEMP_Background Job.Worker 6]
      Initial Block Size 32.0 KB
      Current Block Size 32.0 KB
      Peak Allocated Bytes 54 B
      Overflow Count 0
    [ALLOC_TEMP_Background Job.Worker 12]
      Initial Block Size 32.0 KB
      Current Block Size 32.0 KB
      Peak Allocated Bytes 54 B
      Overflow Count 0
    [ALLOC_TEMP_EnlightenWorker] x 2
      Initial Block Size 64.0 KB
      Current Block Size 64.0 KB
      Peak Allocated Bytes 54 B
      Overflow Count 0
    [ALLOC_TEMP_Background Job.Worker 15]
      Initial Block Size 32.0 KB
      Current Block Size 32.0 KB
      Peak Allocated Bytes 54 B
      Overflow Count 0
    [ALLOC_TEMP_Background Job.Worker 1]
      Initial Block Size 32.0 KB
      Current Block Size 32.0 KB
      Peak Allocated Bytes 1.0 KB
      Overflow Count 0
    [ALLOC_TEMP_Background Job.Worker 2]
      Initial Block Size 32.0 KB
      Current Block Size 32.0 KB
      Peak Allocated Bytes 2.0 KB
      Overflow Count 0
    [ALLOC_TEMP_Background Job.Worker 7]
      Initial Block Size 32.0 KB
      Current Block Size 32.0 KB
      Peak Allocated Bytes 54 B
      Overflow Count 0
    [ALLOC_TEMP_UnityGfxDeviceWorker]
      Initial Block Size 256.0 KB
      Current Block Size 256.0 KB
      Peak Allocated Bytes 147.2 KB
      Overflow Count 0
    [ALLOC_TEMP_AssetGarbageCollectorHelper] x 3
      Initial Block Size 64.0 KB
      Current Block Size 64.0 KB
      Peak Allocated Bytes 138 B
      Overflow Count 0
    [ALLOC_TEMP_Background Job.Worker 5]
      Initial Block Size 32.0 KB
      Current Block Size 32.0 KB
      Peak Allocated Bytes 54 B
      Overflow Count 0
    [ALLOC_TEMP_Background Job.Worker 13]
      Initial Block Size 32.0 KB
      Current Block Size 32.0 KB
      Peak Allocated Bytes 54 B
      Overflow Count 0
    [ALLOC_TEMP_Job.Worker 1]
      Initial Block Size 256.0 KB
      Current Block Size 256.0 KB
      Peak Allocated Bytes 14.9 KB
      Overflow Count 0
    [ALLOC_TEMP_Job.Worker 2]
      Initial Block Size 256.0 KB
      Current Block Size 256.0 KB
      Peak Allocated Bytes 14.9 KB
      Overflow Count 0
    [ALLOC_TEMP_Background Job.Worker 3]
      Initial Block Size 32.0 KB
      Current Block Size 32.0 KB
      Peak Allocated Bytes 54 B
      Overflow Count 0
    [ALLOC_TEMP_Background Job.Worker 11]
      Initial Block Size 32.0 KB
      Current Block Size 32.0 KB
      Peak Allocated Bytes 54 B
      Overflow Count 0
    [ALLOC_TEMP_Background Job.Worker 0]
      Initial Block Size 32.0 KB
      Current Block Size 32.0 KB
      Peak Allocated Bytes 54 B
      Overflow Count 0
    [ALLOC_TEMP_CloudJob.Worker 0]
      Initial Block Size 32.0 KB
      Current Block Size 32.0 KB
      Peak Allocated Bytes 3.4 KB
      Overflow Count 0
    [ALLOC_TEMP_HIDInput]
      Initial Block Size 64.0 KB
      Current Block Size 64.0 KB
      Peak Allocated Bytes 10.8 KB
      Overflow Count 0
    [ALLOC_TEMP_Background Job.Worker 4]
      Initial Block Size 32.0 KB
      Current Block Size 32.0 KB
      Peak Allocated Bytes 54 B
      Overflow Count 0
    [ALLOC_TEMP_BatchDeleteObjects]
      Initial Block Size 64.0 KB
      Current Block Size 64.0 KB
      Peak Allocated Bytes 54 B
      Overflow Count 0
[ALLOC_DEFAULT] Dual Thread Allocator
  Peak main deferred allocation count 3213
    [ALLOC_BUCKET]
      Large Block size 4.0 MB
      Used Block count 1
      Peak Allocated bytes 4.0 MB
      Failed Allocations. Bucket layout:
        16B: 88 Subsections = 90112 buckets. Failed count: 838525
        32B: 18 Subsections = 9216 buckets. Failed count: 84053
        48B: 34 Subsections = 11605 buckets. Failed count: 279088
        64B: 21 Subsections = 5376 buckets. Failed count: 29263
        80B: 86 Subsections = 17612 buckets. Failed count: 28823
        96B: 5 Subsections = 853 buckets. Failed count: 255941
        112B: 2 Subsections = 292 buckets. Failed count: 3098
        128B: 2 Subsections = 256 buckets. Failed count: 33770
    [ALLOC_DEFAULT_MAIN]
      Peak usage frame count: [32.0 MB-64.0 MB]: 29 frames, [64.0 MB-128.0 MB]: 4870 frames
      Requested Block Size 16.0 MB
      Peak Block count 5
      Peak Allocated memory 70.2 MB
      Peak Large allocation bytes 8.0 MB
    [ALLOC_DEFAULT_THREAD]
      Peak usage frame count: [8.0 MB-16.0 MB]: 2292 frames, [16.0 MB-32.0 MB]: 2606 frames, [64.0 MB-128.0 MB]: 1 frames
      Requested Block Size 16.0 MB
      Peak Block count 2
      Peak Allocated memory 68.1 MB
      Peak Large allocation bytes 64.0 MB
[ALLOC_TEMP_JOB_1_FRAME]
  Initial Block Size 2.0 MB
  Used Block Count 0
  Overflow Count (too large) 0
  Overflow Count (full) 0
[ALLOC_TEMP_JOB_2_FRAMES]
  Initial Block Size 2.0 MB
  Used Block Count 0
  Overflow Count (too large) 0
  Overflow Count (full) 0
[ALLOC_TEMP_JOB_4_FRAMES (JobTemp)]
  Initial Block Size 2.0 MB
  Used Block Count 1
  Overflow Count (too large) 0
  Overflow Count (full) 0
[ALLOC_TEMP_JOB_ASYNC (Background)]
  Initial Block Size 1.0 MB
  Used Block Count 1
  Overflow Count (too large) 0
  Overflow Count (full) 0
[ALLOC_GFX] Dual Thread Allocator
  Peak main deferred allocation count 14
    [ALLOC_BUCKET]
      Large Block size 4.0 MB
      Used Block count 1
      Peak Allocated bytes 4.0 MB
      Failed Allocations. Bucket layout:
        16B: 88 Subsections = 90112 buckets. Failed count: 838525
        32B: 18 Subsections = 9216 buckets. Failed count: 84053
        48B: 34 Subsections = 11605 buckets. Failed count: 279088
        64B: 21 Subsections = 5376 buckets. Failed count: 29263
        80B: 86 Subsections = 17612 buckets. Failed count: 28823
        96B: 5 Subsections = 853 buckets. Failed count: 255941
        112B: 2 Subsections = 292 buckets. Failed count: 3098
        128B: 2 Subsections = 256 buckets. Failed count: 33770
    [ALLOC_GFX_MAIN]
      Peak usage frame count: [64.0 MB-128.0 MB]: 4899 frames
      Requested Block Size 16.0 MB
      Peak Block count 1
      Peak Allocated memory 69.3 MB
      Peak Large allocation bytes 64.0 MB
    [ALLOC_GFX_THREAD]
      Peak usage frame count: [8.0 KB-16.0 KB]: 3 frames, [2.0 MB-4.0 MB]: 1 frames, [8.0 MB-16.0 MB]: 21 frames, [16.0 MB-32.0 MB]: 4874 frames
      Requested Block Size 16.0 MB
      Peak Block count 2
      Peak Allocated memory 17.5 MB
      Peak Large allocation bytes 0 B
[ALLOC_CACHEOBJECTS] Dual Thread Allocator
  Peak main deferred allocation count 10
    [ALLOC_BUCKET]
      Large Block size 4.0 MB
      Used Block count 1
      Peak Allocated bytes 4.0 MB
      Failed Allocations. Bucket layout:
        16B: 88 Subsections = 90112 buckets. Failed count: 838525
        32B: 18 Subsections = 9216 buckets. Failed count: 84053
        48B: 34 Subsections = 11605 buckets. Failed count: 279088
        64B: 21 Subsections = 5376 buckets. Failed count: 29263
        80B: 86 Subsections = 17612 buckets. Failed count: 28823
        96B: 5 Subsections = 853 buckets. Failed count: 255941
        112B: 2 Subsections = 292 buckets. Failed count: 3098
        128B: 2 Subsections = 256 buckets. Failed count: 33770
    [ALLOC_CACHEOBJECTS_MAIN]
      Peak usage frame count: [128.0 MB-256.0 MB]: 4899 frames
      Requested Block Size 4.0 MB
      Peak Block count 27
      Peak Allocated memory 227.3 MB
      Peak Large allocation bytes 131.0 MB
    [ALLOC_CACHEOBJECTS_THREAD]
      Peak usage frame count: [0.5 MB-1.0 MB]: 3 frames, [4.0 MB-8.0 MB]: 1 frames, [8.0 MB-16.0 MB]: 9 frames, [16.0 MB-32.0 MB]: 12 frames, [32.0 MB-64.0 MB]: 4869 frames, [64.0 MB-128.0 MB]: 5 frames
      Requested Block Size 4.0 MB
      Peak Block count 20
      Peak Allocated memory 67.3 MB
      Peak Large allocation bytes 0 B
[ALLOC_TYPETREE] Dual Thread Allocator
  Peak main deferred allocation count 0
    [ALLOC_BUCKET]
      Large Block size 4.0 MB
      Used Block count 1
      Peak Allocated bytes 4.0 MB
      Failed Allocations. Bucket layout:
        16B: 88 Subsections = 90112 buckets. Failed count: 838525
        32B: 18 Subsections = 9216 buckets. Failed count: 84053
        48B: 34 Subsections = 11605 buckets. Failed count: 279088
        64B: 21 Subsections = 5376 buckets. Failed count: 29263
        80B: 86 Subsections = 17612 buckets. Failed count: 28823
        96B: 5 Subsections = 853 buckets. Failed count: 255941
        112B: 2 Subsections = 292 buckets. Failed count: 3098
        128B: 2 Subsections = 256 buckets. Failed count: 33770
    [ALLOC_TYPETREE_MAIN]
      Peak usage frame count: [256.0 KB-0.5 MB]: 4899 frames
      Requested Block Size 2.0 MB
      Peak Block count 1
      Peak Allocated memory 306.3 KB
      Peak Large allocation bytes 0 B
    [ALLOC_TYPETREE_THREAD]
      Peak usage frame count: [16.0 KB-32.0 KB]: 4899 frames
      Requested Block Size 2.0 MB
      Peak Block count 1
      Peak Allocated memory 22.7 KB
      Peak Large allocation bytes 0 B
